2024-12-01 19:50:16,983 CRIT Supervisor is running as root.  Privileges were not dropped because no user is specified in the config file.  If you intend to run as root, you can set user=root in the config file to avoid this message.
2024-12-01 19:50:16,989 INFO supervisord started with pid 1
2024-12-01 19:50:17,992 INFO spawned: 'php-fpm' with pid 7
2024-12-01 19:50:17,995 INFO spawned: 'rabbitmq-listener' with pid 8
2024-12-01 19:50:19,030 INFO success: php-fpm entered RUNNING state, process has stayed up for > than 1 seconds (startsecs)
2024-12-01 19:50:19,030 INFO success: rabbitmq-listener entered RUNNING state, process has stayed up for > than 1 seconds (startsecs)
2024-12-01 19:50:21,724 INFO exited: rabbitmq-listener (exit status 0; expected)
2024-12-01 19:50:22,725 INFO spawned: 'rabbitmq-listener' with pid 13
2024-12-01 19:50:23,727 INFO success: rabbitmq-listener entered RUNNING state, process has stayed up for > than 1 seconds (startsecs)
2024-12-01 19:50:26,798 INFO exited: rabbitmq-listener (exit status 0; expected)
2024-12-01 19:50:27,801 INFO spawned: 'rabbitmq-listener' with pid 16
2024-12-01 19:50:29,573 INFO success: rabbitmq-listener entered RUNNING state, process has stayed up for > than 1 seconds (startsecs)
2024-12-01 19:50:31,637 INFO exited: rabbitmq-listener (exit status 0; expected)
2024-12-01 19:50:32,640 INFO spawned: 'rabbitmq-listener' with pid 19
2024-12-01 19:50:33,642 INFO success: rabbitmq-listener entered RUNNING state, process has stayed up for > than 1 seconds (startsecs)
2024-12-01 19:50:37,007 INFO exited: rabbitmq-listener (exit status 0; expected)
2024-12-01 19:50:38,010 INFO spawned: 'rabbitmq-listener' with pid 22
2024-12-01 19:50:39,012 INFO success: rabbitmq-listener entered RUNNING state, process has stayed up for > than 1 seconds (startsecs)
2024-12-01 19:50:41,788 INFO exited: rabbitmq-listener (exit status 0; expected)
2024-12-01 19:50:42,791 INFO spawned: 'rabbitmq-listener' with pid 25
2024-12-01 19:50:43,792 INFO success: rabbitmq-listener entered RUNNING state, process has stayed up for > than 1 seconds (startsecs)
2024-12-01 19:50:46,482 INFO exited: rabbitmq-listener (exit status 0; expected)
2024-12-01 19:50:47,485 INFO spawned: 'rabbitmq-listener' with pid 28
2024-12-01 19:50:48,486 INFO success: rabbitmq-listener entered RUNNING state, process has stayed up for > than 1 seconds (startsecs)
2024-12-01 19:50:51,808 INFO exited: rabbitmq-listener (exit status 0; expected)
2024-12-01 19:50:52,809 INFO spawned: 'rabbitmq-listener' with pid 31
2024-12-01 19:50:53,811 INFO success: rabbitmq-listener entered RUNNING state, process has stayed up for > than 1 seconds (startsecs)
2024-12-01 19:50:57,257 INFO exited: rabbitmq-listener (exit status 0; expected)
2024-12-01 19:50:58,260 INFO spawned: 'rabbitmq-listener' with pid 34
2024-12-01 19:50:59,262 INFO success: rabbitmq-listener entered RUNNING state, process has stayed up for > than 1 seconds (startsecs)
2024-12-01 19:51:02,155 INFO exited: rabbitmq-listener (exit status 0; expected)
2024-12-01 19:51:03,158 INFO spawned: 'rabbitmq-listener' with pid 37
2024-12-01 19:51:04,160 INFO success: rabbitmq-listener entered RUNNING state, process has stayed up for > than 1 seconds (startsecs)
2024-12-01 19:51:08,616 INFO exited: rabbitmq-listener (exit status 0; expected)
2024-12-01 19:51:09,619 INFO spawned: 'rabbitmq-listener' with pid 40
2024-12-01 19:51:10,621 INFO success: rabbitmq-listener entered RUNNING state, process has stayed up for > than 1 seconds (startsecs)
2024-12-01 19:51:15,626 INFO exited: rabbitmq-listener (exit status 0; expected)
2024-12-01 19:51:16,629 INFO spawned: 'rabbitmq-listener' with pid 43
2024-12-01 19:51:17,631 INFO success: rabbitmq-listener entered RUNNING state, process has stayed up for > than 1 seconds (startsecs)
2024-12-01 19:51:20,523 INFO exited: rabbitmq-listener (exit status 0; expected)
2024-12-01 19:51:21,525 INFO spawned: 'rabbitmq-listener' with pid 46
2024-12-01 19:51:22,526 INFO success: rabbitmq-listener entered RUNNING state, process has stayed up for > than 1 seconds (startsecs)
2024-12-01 19:51:25,841 INFO exited: rabbitmq-listener (exit status 0; expected)
2024-12-01 19:51:26,341 INFO spawned: 'rabbitmq-listener' with pid 49
2024-12-01 19:51:27,343 INFO success: rabbitmq-listener entered RUNNING state, process has stayed up for > than 1 seconds (startsecs)
2024-12-01 19:51:30,187 INFO exited: rabbitmq-listener (exit status 0; expected)
2024-12-01 19:51:31,189 INFO spawned: 'rabbitmq-listener' with pid 52
2024-12-01 19:51:32,191 INFO success: rabbitmq-listener entered RUNNING state, process has stayed up for > than 1 seconds (startsecs)
2024-12-01 19:51:34,301 INFO exited: rabbitmq-listener (exit status 0; expected)
2024-12-01 19:51:35,304 INFO spawned: 'rabbitmq-listener' with pid 55
2024-12-01 19:51:36,305 INFO success: rabbitmq-listener entered RUNNING state, process has stayed up for > than 1 seconds (startsecs)
2024-12-01 19:51:38,705 INFO exited: rabbitmq-listener (exit status 0; expected)
2024-12-01 19:51:39,708 INFO spawned: 'rabbitmq-listener' with pid 58
2024-12-01 19:51:40,710 INFO success: rabbitmq-listener entered RUNNING state, process has stayed up for > than 1 seconds (startsecs)
2024-12-01 19:51:42,993 INFO exited: rabbitmq-listener (exit status 0; expected)
2024-12-01 19:51:43,995 INFO spawned: 'rabbitmq-listener' with pid 61
2024-12-01 19:51:44,997 INFO success: rabbitmq-listener entered RUNNING state, process has stayed up for > than 1 seconds (startsecs)
2024-12-01 19:51:47,167 INFO exited: rabbitmq-listener (exit status 0; expected)
2024-12-01 19:51:48,170 INFO spawned: 'rabbitmq-listener' with pid 64
2024-12-01 19:51:49,172 INFO success: rabbitmq-listener entered RUNNING state, process has stayed up for > than 1 seconds (startsecs)
2024-12-01 19:51:51,381 INFO exited: rabbitmq-listener (exit status 0; expected)
2024-12-01 19:51:52,382 INFO spawned: 'rabbitmq-listener' with pid 67
2024-12-01 19:51:53,384 INFO success: rabbitmq-listener entered RUNNING state, process has stayed up for > than 1 seconds (startsecs)
2024-12-01 19:51:56,055 INFO exited: rabbitmq-listener (exit status 0; expected)
2024-12-01 19:51:57,057 INFO spawned: 'rabbitmq-listener' with pid 70
2024-12-01 19:51:58,058 INFO success: rabbitmq-listener entered RUNNING state, process has stayed up for > than 1 seconds (startsecs)
2024-12-01 19:52:00,105 INFO exited: rabbitmq-listener (exit status 0; expected)
2024-12-01 19:52:01,108 INFO spawned: 'rabbitmq-listener' with pid 73
2024-12-01 19:52:02,109 INFO success: rabbitmq-listener entered RUNNING state, process has stayed up for > than 1 seconds (startsecs)
2024-12-01 19:52:05,261 INFO exited: rabbitmq-listener (exit status 0; expected)
2024-12-01 19:52:06,264 INFO spawned: 'rabbitmq-listener' with pid 76
2024-12-01 19:52:07,265 INFO success: rabbitmq-listener entered RUNNING state, process has stayed up for > than 1 seconds (startsecs)
2024-12-01 19:52:10,479 INFO exited: rabbitmq-listener (exit status 0; expected)
2024-12-01 19:52:11,481 INFO spawned: 'rabbitmq-listener' with pid 79
2024-12-01 19:52:12,483 INFO success: rabbitmq-listener entered RUNNING state, process has stayed up for > than 1 seconds (startsecs)
2024-12-01 19:52:15,291 INFO exited: rabbitmq-listener (exit status 0; expected)
2024-12-01 19:52:16,293 INFO spawned: 'rabbitmq-listener' with pid 82
2024-12-01 19:52:17,295 INFO success: rabbitmq-listener entered RUNNING state, process has stayed up for > than 1 seconds (startsecs)
2024-12-01 19:52:20,150 INFO exited: rabbitmq-listener (exit status 0; expected)
2024-12-01 19:52:21,153 INFO spawned: 'rabbitmq-listener' with pid 85
2024-12-01 19:52:22,154 INFO success: rabbitmq-listener entered RUNNING state, process has stayed up for > than 1 seconds (startsecs)
2024-12-01 19:52:25,947 INFO exited: rabbitmq-listener (exit status 0; expected)
2024-12-01 19:52:26,951 INFO spawned: 'rabbitmq-listener' with pid 88
2024-12-01 19:52:27,953 INFO success: rabbitmq-listener entered RUNNING state, process has stayed up for > than 1 seconds (startsecs)
2024-12-01 19:52:31,274 INFO exited: rabbitmq-listener (exit status 0; expected)
2024-12-01 19:52:32,276 INFO spawned: 'rabbitmq-listener' with pid 91
2024-12-01 19:52:33,278 INFO success: rabbitmq-listener entered RUNNING state, process has stayed up for > than 1 seconds (startsecs)
2024-12-01 19:52:36,804 INFO exited: rabbitmq-listener (exit status 0; expected)
2024-12-01 19:52:37,806 INFO spawned: 'rabbitmq-listener' with pid 94
2024-12-01 19:52:38,808 INFO success: rabbitmq-listener entered RUNNING state, process has stayed up for > than 1 seconds (startsecs)
2024-12-01 19:52:41,587 INFO exited: rabbitmq-listener (exit status 0; expected)
2024-12-01 19:52:42,590 INFO spawned: 'rabbitmq-listener' with pid 97
2024-12-01 19:52:43,592 INFO success: rabbitmq-listener entered RUNNING state, process has stayed up for > than 1 seconds (startsecs)
2024-12-01 19:52:46,839 INFO exited: rabbitmq-listener (exit status 0; expected)
2024-12-01 19:52:47,842 INFO spawned: 'rabbitmq-listener' with pid 100
2024-12-01 19:52:48,843 INFO success: rabbitmq-listener entered RUNNING state, process has stayed up for > than 1 seconds (startsecs)
2024-12-01 19:52:51,463 INFO exited: rabbitmq-listener (exit status 0; expected)
2024-12-01 19:52:52,465 INFO spawned: 'rabbitmq-listener' with pid 103
2024-12-01 19:52:53,466 INFO success: rabbitmq-listener entered RUNNING state, process has stayed up for > than 1 seconds (startsecs)
2024-12-01 19:52:55,918 INFO exited: rabbitmq-listener (exit status 0; expected)
2024-12-01 19:52:56,920 INFO spawned: 'rabbitmq-listener' with pid 106
2024-12-01 19:52:57,922 INFO success: rabbitmq-listener entered RUNNING state, process has stayed up for > than 1 seconds (startsecs)
2024-12-01 19:52:59,887 INFO exited: rabbitmq-listener (exit status 0; expected)
2024-12-01 19:53:00,889 INFO spawned: 'rabbitmq-listener' with pid 109
2024-12-01 19:53:01,891 INFO success: rabbitmq-listener entered RUNNING state, process has stayed up for > than 1 seconds (startsecs)
2024-12-01 19:53:05,394 INFO exited: rabbitmq-listener (exit status 0; expected)
2024-12-01 19:53:06,396 INFO spawned: 'rabbitmq-listener' with pid 112
2024-12-01 19:53:07,398 INFO success: rabbitmq-listener entered RUNNING state, process has stayed up for > than 1 seconds (startsecs)
2024-12-01 19:53:09,784 INFO exited: rabbitmq-listener (exit status 0; expected)
2024-12-01 19:53:10,786 INFO spawned: 'rabbitmq-listener' with pid 115
2024-12-01 19:53:11,788 INFO success: rabbitmq-listener entered RUNNING state, process has stayed up for > than 1 seconds (startsecs)
2024-12-01 19:53:14,396 INFO exited: rabbitmq-listener (exit status 0; expected)
2024-12-01 19:53:15,398 INFO spawned: 'rabbitmq-listener' with pid 118
2024-12-01 19:53:16,400 INFO success: rabbitmq-listener entered RUNNING state, process has stayed up for > than 1 seconds (startsecs)
2024-12-01 19:53:18,630 INFO exited: rabbitmq-listener (exit status 0; expected)
2024-12-01 19:53:19,633 INFO spawned: 'rabbitmq-listener' with pid 121
2024-12-01 19:53:20,634 INFO success: rabbitmq-listener entered RUNNING state, process has stayed up for > than 1 seconds (startsecs)
2024-12-01 19:53:22,886 INFO exited: rabbitmq-listener (exit status 0; expected)
2024-12-01 19:53:23,889 INFO spawned: 'rabbitmq-listener' with pid 124
2024-12-01 19:53:24,892 INFO success: rabbitmq-listener entered RUNNING state, process has stayed up for > than 1 seconds (startsecs)
2024-12-01 19:53:27,280 INFO exited: rabbitmq-listener (exit status 0; expected)
2024-12-01 19:53:28,283 INFO spawned: 'rabbitmq-listener' with pid 127
2024-12-01 19:53:29,284 INFO success: rabbitmq-listener entered RUNNING state, process has stayed up for > than 1 seconds (startsecs)
2024-12-01 19:53:31,263 INFO exited: rabbitmq-listener (exit status 0; expected)
2024-12-01 19:53:32,265 INFO spawned: 'rabbitmq-listener' with pid 130
2024-12-01 19:53:33,267 INFO success: rabbitmq-listener entered RUNNING state, process has stayed up for > than 1 seconds (startsecs)
2024-12-01 19:53:35,711 INFO exited: rabbitmq-listener (exit status 0; expected)
2024-12-01 19:53:36,714 INFO spawned: 'rabbitmq-listener' with pid 133
2024-12-01 19:53:37,715 INFO success: rabbitmq-listener entered RUNNING state, process has stayed up for > than 1 seconds (startsecs)
2024-12-01 19:53:39,513 INFO exited: rabbitmq-listener (exit status 0; expected)
2024-12-01 19:53:40,515 INFO spawned: 'rabbitmq-listener' with pid 136
2024-12-01 19:53:41,517 INFO success: rabbitmq-listener entered RUNNING state, process has stayed up for > than 1 seconds (startsecs)
2024-12-01 19:53:43,772 INFO exited: rabbitmq-listener (exit status 0; expected)
2024-12-01 19:53:44,775 INFO spawned: 'rabbitmq-listener' with pid 139
2024-12-01 19:53:45,777 INFO success: rabbitmq-listener entered RUNNING state, process has stayed up for > than 1 seconds (startsecs)
2024-12-01 19:53:47,945 INFO exited: rabbitmq-listener (exit status 0; expected)
2024-12-01 19:53:48,948 INFO spawned: 'rabbitmq-listener' with pid 142
2024-12-01 19:53:49,949 INFO success: rabbitmq-listener entered RUNNING state, process has stayed up for > than 1 seconds (startsecs)
2024-12-01 19:53:52,376 INFO exited: rabbitmq-listener (exit status 0; expected)
2024-12-01 19:53:53,378 INFO spawned: 'rabbitmq-listener' with pid 145
2024-12-01 19:53:54,380 INFO success: rabbitmq-listener entered RUNNING state, process has stayed up for > than 1 seconds (startsecs)
2024-12-01 19:53:57,416 INFO exited: rabbitmq-listener (exit status 0; expected)
2024-12-01 19:53:58,419 INFO spawned: 'rabbitmq-listener' with pid 148
2024-12-01 19:53:59,420 INFO success: rabbitmq-listener entered RUNNING state, process has stayed up for > than 1 seconds (startsecs)
2024-12-01 19:54:02,606 INFO exited: rabbitmq-listener (exit status 0; expected)
2024-12-01 19:54:03,608 INFO spawned: 'rabbitmq-listener' with pid 151
2024-12-01 19:54:04,610 INFO success: rabbitmq-listener entered RUNNING state, process has stayed up for > than 1 seconds (startsecs)
2024-12-01 19:54:08,585 INFO exited: rabbitmq-listener (exit status 0; expected)
2024-12-01 19:54:09,588 INFO spawned: 'rabbitmq-listener' with pid 154
2024-12-01 19:54:10,589 INFO success: rabbitmq-listener entered RUNNING state, process has stayed up for > than 1 seconds (startsecs)
2024-12-01 19:54:13,176 INFO exited: rabbitmq-listener (exit status 0; expected)
2024-12-01 19:54:14,179 INFO spawned: 'rabbitmq-listener' with pid 157
2024-12-01 19:54:15,180 INFO success: rabbitmq-listener entered RUNNING state, process has stayed up for > than 1 seconds (startsecs)
2024-12-01 19:54:18,293 INFO exited: rabbitmq-listener (exit status 0; expected)
2024-12-01 19:54:19,296 INFO spawned: 'rabbitmq-listener' with pid 160
2024-12-01 19:54:20,297 INFO success: rabbitmq-listener entered RUNNING state, process has stayed up for > than 1 seconds (startsecs)
2024-12-01 19:54:23,192 INFO exited: rabbitmq-listener (exit status 0; expected)
2024-12-01 19:54:24,194 INFO spawned: 'rabbitmq-listener' with pid 163
2024-12-01 19:54:25,196 INFO success: rabbitmq-listener entered RUNNING state, process has stayed up for > than 1 seconds (startsecs)
2024-12-01 19:54:27,427 INFO exited: rabbitmq-listener (exit status 0; expected)
2024-12-01 19:54:28,429 INFO spawned: 'rabbitmq-listener' with pid 166
2024-12-01 19:54:29,431 INFO success: rabbitmq-listener entered RUNNING state, process has stayed up for > than 1 seconds (startsecs)
2024-12-01 19:54:31,636 INFO exited: rabbitmq-listener (exit status 0; expected)
2024-12-01 19:54:32,638 INFO spawned: 'rabbitmq-listener' with pid 169
2024-12-01 19:54:33,641 INFO success: rabbitmq-listener entered RUNNING state, process has stayed up for > than 1 seconds (startsecs)
2024-12-01 19:54:35,800 INFO exited: rabbitmq-listener (exit status 0; expected)
2024-12-01 19:54:36,802 INFO spawned: 'rabbitmq-listener' with pid 172
2024-12-01 19:54:37,804 INFO success: rabbitmq-listener entered RUNNING state, process has stayed up for > than 1 seconds (startsecs)
2024-12-01 19:54:39,921 INFO exited: rabbitmq-listener (exit status 0; expected)
2024-12-01 19:54:40,923 INFO spawned: 'rabbitmq-listener' with pid 175
2024-12-01 19:54:41,925 INFO success: rabbitmq-listener entered RUNNING state, process has stayed up for > than 1 seconds (startsecs)
2024-12-01 19:54:44,498 INFO exited: rabbitmq-listener (exit status 0; expected)
2024-12-01 19:54:45,501 INFO spawned: 'rabbitmq-listener' with pid 178
2024-12-01 19:54:46,503 INFO success: rabbitmq-listener entered RUNNING state, process has stayed up for > than 1 seconds (startsecs)
2024-12-01 19:54:48,976 INFO exited: rabbitmq-listener (exit status 0; expected)
2024-12-01 19:54:49,978 INFO spawned: 'rabbitmq-listener' with pid 187
2024-12-01 19:54:50,980 INFO success: rabbitmq-listener entered RUNNING state, process has stayed up for > than 1 seconds (startsecs)
2024-12-01 19:54:53,595 INFO exited: rabbitmq-listener (exit status 0; expected)
2024-12-01 19:54:54,597 INFO spawned: 'rabbitmq-listener' with pid 191
2024-12-01 19:54:55,599 INFO success: rabbitmq-listener entered RUNNING state, process has stayed up for > than 1 seconds (startsecs)
2024-12-01 19:54:57,429 INFO exited: rabbitmq-listener (exit status 0; expected)
2024-12-01 19:54:58,431 INFO spawned: 'rabbitmq-listener' with pid 195
2024-12-01 19:54:59,433 INFO success: rabbitmq-listener entered RUNNING state, process has stayed up for > than 1 seconds (startsecs)
2024-12-01 19:55:01,955 INFO exited: rabbitmq-listener (exit status 0; expected)
2024-12-01 19:55:02,957 INFO spawned: 'rabbitmq-listener' with pid 198
2024-12-01 19:55:03,959 INFO success: rabbitmq-listener entered RUNNING state, process has stayed up for > than 1 seconds (startsecs)
2024-12-01 19:55:07,256 INFO exited: rabbitmq-listener (exit status 0; expected)
2024-12-01 19:55:08,258 INFO spawned: 'rabbitmq-listener' with pid 202
2024-12-01 19:55:09,260 INFO success: rabbitmq-listener entered RUNNING state, process has stayed up for > than 1 seconds (startsecs)
2024-12-01 19:55:11,268 INFO exited: rabbitmq-listener (exit status 0; expected)
2024-12-01 19:55:12,270 INFO spawned: 'rabbitmq-listener' with pid 205
2024-12-01 19:55:13,272 INFO success: rabbitmq-listener entered RUNNING state, process has stayed up for > than 1 seconds (startsecs)
2024-12-01 19:55:16,198 INFO exited: rabbitmq-listener (exit status 0; expected)
2024-12-01 19:55:17,200 INFO spawned: 'rabbitmq-listener' with pid 208
2024-12-01 19:55:18,202 INFO success: rabbitmq-listener entered RUNNING state, process has stayed up for > than 1 seconds (startsecs)
2024-12-01 19:55:20,803 INFO exited: rabbitmq-listener (exit status 0; expected)
2024-12-01 19:55:21,805 INFO spawned: 'rabbitmq-listener' with pid 211
2024-12-01 19:55:22,805 INFO success: rabbitmq-listener entered RUNNING state, process has stayed up for > than 1 seconds (startsecs)
2024-12-01 19:55:25,530 INFO exited: rabbitmq-listener (exit status 0; expected)
2024-12-01 19:55:26,533 INFO spawned: 'rabbitmq-listener' with pid 214
2024-12-01 19:55:27,535 INFO success: rabbitmq-listener entered RUNNING state, process has stayed up for > than 1 seconds (startsecs)
2024-12-01 19:55:30,520 INFO exited: rabbitmq-listener (exit status 0; expected)
2024-12-01 19:55:31,522 INFO spawned: 'rabbitmq-listener' with pid 217
2024-12-01 19:55:32,524 INFO success: rabbitmq-listener entered RUNNING state, process has stayed up for > than 1 seconds (startsecs)
2024-12-01 19:55:35,394 INFO exited: rabbitmq-listener (exit status 0; expected)
2024-12-01 19:55:36,396 INFO spawned: 'rabbitmq-listener' with pid 220
2024-12-01 19:55:37,398 INFO success: rabbitmq-listener entered RUNNING state, process has stayed up for > than 1 seconds (startsecs)
2024-12-01 19:55:39,411 INFO exited: rabbitmq-listener (exit status 0; expected)
2024-12-01 19:55:40,413 INFO spawned: 'rabbitmq-listener' with pid 223
2024-12-01 19:55:41,415 INFO success: rabbitmq-listener entered RUNNING state, process has stayed up for > than 1 seconds (startsecs)
2024-12-01 19:55:43,339 INFO exited: rabbitmq-listener (exit status 0; expected)
2024-12-01 19:55:44,341 INFO spawned: 'rabbitmq-listener' with pid 226
2024-12-01 19:55:45,343 INFO success: rabbitmq-listener entered RUNNING state, process has stayed up for > than 1 seconds (startsecs)
2024-12-01 19:55:47,417 INFO exited: rabbitmq-listener (exit status 0; expected)
2024-12-01 19:55:48,420 INFO spawned: 'rabbitmq-listener' with pid 229
2024-12-01 19:55:49,422 INFO success: rabbitmq-listener entered RUNNING state, process has stayed up for > than 1 seconds (startsecs)
2024-12-01 19:55:51,074 INFO exited: rabbitmq-listener (exit status 0; expected)
2024-12-01 19:55:52,076 INFO spawned: 'rabbitmq-listener' with pid 232
2024-12-01 19:55:53,078 INFO success: rabbitmq-listener entered RUNNING state, process has stayed up for > than 1 seconds (startsecs)
2024-12-01 19:55:55,277 INFO exited: rabbitmq-listener (exit status 0; expected)
2024-12-01 19:55:56,279 INFO spawned: 'rabbitmq-listener' with pid 235
2024-12-01 19:55:57,281 INFO success: rabbitmq-listener entered RUNNING state, process has stayed up for > than 1 seconds (startsecs)
2024-12-01 19:55:59,271 INFO exited: rabbitmq-listener (exit status 0; expected)
2024-12-01 19:56:00,273 INFO spawned: 'rabbitmq-listener' with pid 238
2024-12-01 19:56:01,275 INFO success: rabbitmq-listener entered RUNNING state, process has stayed up for > than 1 seconds (startsecs)
2024-12-01 19:56:03,793 INFO exited: rabbitmq-listener (exit status 0; expected)
2024-12-01 19:56:04,796 INFO spawned: 'rabbitmq-listener' with pid 241
2024-12-01 19:56:05,797 INFO success: rabbitmq-listener entered RUNNING state, process has stayed up for > than 1 seconds (startsecs)
2024-12-01 19:56:08,675 INFO exited: rabbitmq-listener (exit status 0; expected)
2024-12-01 19:56:09,678 INFO spawned: 'rabbitmq-listener' with pid 244
2024-12-01 19:56:10,680 INFO success: rabbitmq-listener entered RUNNING state, process has stayed up for > than 1 seconds (startsecs)
2024-12-01 19:56:12,739 INFO exited: rabbitmq-listener (exit status 0; expected)
2024-12-01 19:56:13,742 INFO spawned: 'rabbitmq-listener' with pid 247
2024-12-01 19:56:14,743 INFO success: rabbitmq-listener entered RUNNING state, process has stayed up for > than 1 seconds (startsecs)
2024-12-01 19:56:17,094 INFO exited: rabbitmq-listener (exit status 0; expected)
2024-12-01 19:56:18,097 INFO spawned: 'rabbitmq-listener' with pid 250
2024-12-01 19:56:18,097 WARN received SIGQUIT indicating exit request
2024-12-01 19:56:18,098 INFO waiting for php-fpm, rabbitmq-listener to die
2024-12-01 19:56:21,102 INFO waiting for php-fpm, rabbitmq-listener to die
2024-12-01 19:56:21,399 INFO stopped: rabbitmq-listener (exit status 0)
2024-12-01 19:56:21,403 INFO stopped: php-fpm (exit status 0)
2024-12-01 19:56:45,002 CRIT Supervisor is running as root.  Privileges were not dropped because no user is specified in the config file.  If you intend to run as root, you can set user=root in the config file to avoid this message.
2024-12-01 19:56:45,008 INFO supervisord started with pid 1
2024-12-01 19:56:46,011 INFO spawned: 'php-fpm' with pid 7
2024-12-01 19:56:46,014 INFO spawned: 'rabbitmq-listener' with pid 8
2024-12-01 19:56:47,067 INFO success: php-fpm entered RUNNING state, process has stayed up for > than 1 seconds (startsecs)
2024-12-01 19:56:47,067 INFO success: rabbitmq-listener entered RUNNING state, process has stayed up for > than 1 seconds (startsecs)
2024-12-01 19:56:50,284 INFO exited: rabbitmq-listener (exit status 0; expected)
2024-12-01 19:56:51,286 INFO spawned: 'rabbitmq-listener' with pid 13
2024-12-01 19:56:52,287 INFO success: rabbitmq-listener entered RUNNING state, process has stayed up for > than 1 seconds (startsecs)
2024-12-01 19:56:55,299 INFO exited: rabbitmq-listener (exit status 0; expected)
2024-12-01 19:56:56,302 INFO spawned: 'rabbitmq-listener' with pid 16
2024-12-01 19:56:57,304 INFO success: rabbitmq-listener entered RUNNING state, process has stayed up for > than 1 seconds (startsecs)
2024-12-01 19:57:00,077 INFO exited: rabbitmq-listener (exit status 0; expected)
2024-12-01 19:57:01,080 INFO spawned: 'rabbitmq-listener' with pid 19
2024-12-01 19:57:02,082 INFO success: rabbitmq-listener entered RUNNING state, process has stayed up for > than 1 seconds (startsecs)
2024-12-01 19:57:06,142 INFO exited: rabbitmq-listener (exit status 0; expected)
2024-12-01 19:57:07,144 INFO spawned: 'rabbitmq-listener' with pid 22
2024-12-01 19:57:08,146 INFO success: rabbitmq-listener entered RUNNING state, process has stayed up for > than 1 seconds (startsecs)
2024-12-01 19:57:11,372 INFO exited: rabbitmq-listener (exit status 0; expected)
2024-12-01 19:57:12,374 INFO spawned: 'rabbitmq-listener' with pid 25
2024-12-01 19:57:13,375 INFO success: rabbitmq-listener entered RUNNING state, process has stayed up for > than 1 seconds (startsecs)
2024-12-01 19:57:16,284 INFO exited: rabbitmq-listener (exit status 0; expected)
2024-12-01 19:57:17,286 INFO spawned: 'rabbitmq-listener' with pid 28
2024-12-01 19:57:18,288 INFO success: rabbitmq-listener entered RUNNING state, process has stayed up for > than 1 seconds (startsecs)
2024-12-01 19:57:21,218 INFO exited: rabbitmq-listener (exit status 0; expected)
2024-12-01 19:57:22,220 INFO spawned: 'rabbitmq-listener' with pid 31
2024-12-01 19:57:23,222 INFO success: rabbitmq-listener entered RUNNING state, process has stayed up for > than 1 seconds (startsecs)
2024-12-01 19:57:27,402 INFO exited: rabbitmq-listener (exit status 0; expected)
2024-12-01 19:57:28,404 INFO spawned: 'rabbitmq-listener' with pid 34
2024-12-01 19:57:29,406 INFO success: rabbitmq-listener entered RUNNING state, process has stayed up for > than 1 seconds (startsecs)
2024-12-01 19:57:32,697 INFO exited: rabbitmq-listener (exit status 0; expected)
2024-12-01 19:57:33,700 INFO spawned: 'rabbitmq-listener' with pid 43
2024-12-01 19:57:34,702 INFO success: rabbitmq-listener entered RUNNING state, process has stayed up for > than 1 seconds (startsecs)
2024-12-01 19:57:37,695 INFO exited: rabbitmq-listener (exit status 0; expected)
2024-12-01 19:57:38,697 INFO spawned: 'rabbitmq-listener' with pid 46
2024-12-01 19:57:39,699 INFO success: rabbitmq-listener entered RUNNING state, process has stayed up for > than 1 seconds (startsecs)
2024-12-01 19:57:41,774 INFO exited: rabbitmq-listener (exit status 0; expected)
2024-12-01 19:57:42,777 INFO spawned: 'rabbitmq-listener' with pid 50
2024-12-01 19:57:43,783 INFO success: rabbitmq-listener entered RUNNING state, process has stayed up for > than 1 seconds (startsecs)
2024-12-01 19:57:46,633 INFO exited: rabbitmq-listener (exit status 0; expected)
2024-12-01 19:57:47,636 INFO spawned: 'rabbitmq-listener' with pid 53
2024-12-01 19:57:48,638 INFO success: rabbitmq-listener entered RUNNING state, process has stayed up for > than 1 seconds (startsecs)
2024-12-01 19:57:51,280 INFO exited: rabbitmq-listener (exit status 0; expected)
2024-12-01 19:57:52,281 INFO spawned: 'rabbitmq-listener' with pid 56
2024-12-01 19:57:53,283 INFO success: rabbitmq-listener entered RUNNING state, process has stayed up for > than 1 seconds (startsecs)
2024-12-01 19:57:56,041 INFO exited: rabbitmq-listener (exit status 0; expected)
2024-12-01 19:57:57,044 INFO spawned: 'rabbitmq-listener' with pid 59
2024-12-01 19:57:58,046 INFO success: rabbitmq-listener entered RUNNING state, process has stayed up for > than 1 seconds (startsecs)
2024-12-01 19:58:00,943 INFO exited: rabbitmq-listener (exit status 0; expected)
2024-12-01 19:58:01,946 INFO spawned: 'rabbitmq-listener' with pid 62
2024-12-01 19:58:02,947 INFO success: rabbitmq-listener entered RUNNING state, process has stayed up for > than 1 seconds (startsecs)
2024-12-01 19:58:06,823 INFO exited: rabbitmq-listener (exit status 0; expected)
2024-12-01 19:58:07,826 INFO spawned: 'rabbitmq-listener' with pid 65
2024-12-01 19:58:08,828 INFO success: rabbitmq-listener entered RUNNING state, process has stayed up for > than 1 seconds (startsecs)
2024-12-01 19:58:11,644 INFO exited: rabbitmq-listener (exit status 0; expected)
2024-12-01 19:58:12,647 INFO spawned: 'rabbitmq-listener' with pid 68
2024-12-01 19:58:13,648 INFO success: rabbitmq-listener entered RUNNING state, process has stayed up for > than 1 seconds (startsecs)
2024-12-01 19:58:16,080 INFO exited: rabbitmq-listener (exit status 0; expected)
2024-12-01 19:58:17,083 INFO spawned: 'rabbitmq-listener' with pid 71
2024-12-01 19:58:18,084 INFO success: rabbitmq-listener entered RUNNING state, process has stayed up for > than 1 seconds (startsecs)
2024-12-01 19:58:20,367 INFO exited: rabbitmq-listener (exit status 0; expected)
2024-12-01 19:58:21,370 INFO spawned: 'rabbitmq-listener' with pid 74
2024-12-01 19:58:22,370 INFO success: rabbitmq-listener entered RUNNING state, process has stayed up for > than 1 seconds (startsecs)
2024-12-01 19:58:24,562 INFO exited: rabbitmq-listener (exit status 0; expected)
2024-12-01 19:58:25,565 INFO spawned: 'rabbitmq-listener' with pid 77
2024-12-01 19:58:26,567 INFO success: rabbitmq-listener entered RUNNING state, process has stayed up for > than 1 seconds (startsecs)
2024-12-01 19:58:29,857 INFO exited: rabbitmq-listener (exit status 0; expected)
2024-12-01 19:58:30,859 INFO spawned: 'rabbitmq-listener' with pid 80
2024-12-01 19:58:31,861 INFO success: rabbitmq-listener entered RUNNING state, process has stayed up for > than 1 seconds (startsecs)
2024-12-01 19:58:35,457 INFO exited: rabbitmq-listener (exit status 0; expected)
2024-12-01 19:58:36,461 INFO spawned: 'rabbitmq-listener' with pid 83
2024-12-01 19:58:37,463 INFO success: rabbitmq-listener entered RUNNING state, process has stayed up for > than 1 seconds (startsecs)
2024-12-01 19:58:40,932 INFO exited: rabbitmq-listener (exit status 0; expected)
2024-12-01 19:58:41,935 INFO spawned: 'rabbitmq-listener' with pid 86
2024-12-01 19:58:42,937 INFO success: rabbitmq-listener entered RUNNING state, process has stayed up for > than 1 seconds (startsecs)
2024-12-01 19:58:46,474 INFO exited: rabbitmq-listener (exit status 0; expected)
2024-12-01 19:58:47,476 INFO spawned: 'rabbitmq-listener' with pid 89
2024-12-01 19:58:48,478 INFO success: rabbitmq-listener entered RUNNING state, process has stayed up for > than 1 seconds (startsecs)
2024-12-01 19:58:51,964 INFO exited: rabbitmq-listener (exit status 0; expected)
2024-12-01 19:58:52,966 INFO spawned: 'rabbitmq-listener' with pid 92
2024-12-01 19:58:53,968 INFO success: rabbitmq-listener entered RUNNING state, process has stayed up for > than 1 seconds (startsecs)
2024-12-01 19:58:56,419 INFO exited: rabbitmq-listener (exit status 0; expected)
2024-12-01 19:58:57,421 INFO spawned: 'rabbitmq-listener' with pid 95
2024-12-01 19:58:58,423 INFO success: rabbitmq-listener entered RUNNING state, process has stayed up for > than 1 seconds (startsecs)
2024-12-01 19:59:01,561 INFO exited: rabbitmq-listener (exit status 0; expected)
2024-12-01 19:59:02,563 INFO spawned: 'rabbitmq-listener' with pid 98
2024-12-01 19:59:03,566 INFO success: rabbitmq-listener entered RUNNING state, process has stayed up for > than 1 seconds (startsecs)
2024-12-01 19:59:07,230 INFO exited: rabbitmq-listener (exit status 0; expected)
2024-12-01 19:59:08,232 INFO spawned: 'rabbitmq-listener' with pid 101
2024-12-01 19:59:09,234 INFO success: rabbitmq-listener entered RUNNING state, process has stayed up for > than 1 seconds (startsecs)
2024-12-01 19:59:12,162 INFO exited: rabbitmq-listener (exit status 0; expected)
2024-12-01 19:59:13,164 INFO spawned: 'rabbitmq-listener' with pid 104
2024-12-01 19:59:14,166 INFO success: rabbitmq-listener entered RUNNING state, process has stayed up for > than 1 seconds (startsecs)
2024-12-01 19:59:16,409 INFO exited: rabbitmq-listener (exit status 0; expected)
2024-12-01 19:59:17,411 INFO spawned: 'rabbitmq-listener' with pid 107
2024-12-01 19:59:18,413 INFO success: rabbitmq-listener entered RUNNING state, process has stayed up for > than 1 seconds (startsecs)
2024-12-01 19:59:18,413 WARN received SIGQUIT indicating exit request
2024-12-01 19:59:18,414 INFO waiting for php-fpm, rabbitmq-listener to die
2024-12-01 19:59:18,416 WARN stopped: rabbitmq-listener (terminated by SIGTERM)
2024-12-01 19:59:18,420 INFO stopped: php-fpm (exit status 0)
